Build started 08.10.2016 20:21:25.
     1>Project "D:\УП\up_1_1\up_1_1\up_1_1.vcxproj" on node 2 (Build target(s)).
     1>ClCompile:
         C:\Program Files\Microsoft Visual Studio 12.0\VC\bin\CL.exe /c /ZI /nologo /W3 /WX- /sdl /Od /Oy- /D _MBCS /Gm /EHsc /RTC1 /MDd /GS /fp:precise /Zc:wchar_t /Zc:forScope /Fo"Debug\\" /Fd"Debug\vc120.pdb" /Gd /TP /analyze- /errorReport:prompt Source.cpp
         Source.cpp
     1>d:\уп\up_1_1\up_1_1\source.cpp(56): warning C4129: ':' : unrecognized character escape sequence
     1>d:\уп\up_1_1\up_1_1\source.cpp(56): error C4996: 'strtok': This function or variable may be unsafe. Consider using strtok_s instead. To disable deprecation, use _CRT_SECURE_NO_WARNINGS. See online help for details.
                 c:\program files\microsoft visual studio 12.0\vc\include\string.h(204) : see declaration of 'strtok'
     1>Done Building Project "D:\УП\up_1_1\up_1_1\up_1_1.vcxproj" (Build target(s)) -- FAILED.

Build FAILED.

Time Elapsed 00:00:04.95
